<?xml version="1.0" encoding="UTF-8"?>
<!-- Generated by org.testng.reporters.JUnitReportReporter -->
<testsuite hostname="DESKTOP-03OUMQ5" failures="0" tests="1" name="testProject2.KA007Set2" time="29.117" errors="0" timestamp="2021-02-24T11:20:11 IST" skipped="0">
  <testcase classname="testProject2.KA007Set2" name="f" time="29.117"/>
  <system-out/>
</testsuite> <!-- testProject2.KA007Set2 -->
