<?xml version="1.0" encoding="UTF-8"?>
<!-- Generated by org.testng.reporters.JUnitReportReporter -->
<testsuite hostname="DESKTOP-03OUMQ5" failures="0" tests="1" name="testProject.MA001" time="9.111" errors="0" timestamp="2021-02-23T10:53:34 IST" skipped="0">
  <testcase classname="testProject.MA001" name="magento" time="9.111"/>
  <system-out/>
</testsuite> <!-- testProject.MA001 -->
