<?xml version="1.0" encoding="UTF-8"?>
<!-- Generated by org.testng.reporters.JUnitReportReporter -->
<testsuite hostname="DESKTOP-03OUMQ5" failures="0" tests="1" name="testProject.KA007" time="7.268" errors="0" timestamp="2021-02-23T10:55:23 IST" skipped="0">
  <testcase classname="testProject.KA007" name="PraxisCoreWritingtest" time="7.268"/>
  <system-out/>
</testsuite> <!-- testProject.KA007 -->
