<?xml version="1.0" encoding="UTF-8"?>
<!-- Generated by org.testng.reporters.JUnitReportReporter -->
<testsuite hostname="DESKTOP-03OUMQ5" failures="0" tests="1" name="testProject.DW001" time="7.991" errors="0" timestamp="2021-02-23T10:03:27 IST" skipped="0">
  <testcase classname="testProject.DW001" name="registerandlogout" time="7.991"/>
  <system-out/>
</testsuite> <!-- testProject.DW001 -->
